# JRE version: Java(TM) SE Runtime Environment 18.9 (11.0.14+8) (build 11.0.14+8-LTS-263)
# Java VM: Java HotSpot(TM) 64-Bit Server VM 18.9 (11.0.14+8-LTS-263, mixed mode, tiered, compressed oops, g1 gc, windows-amd64)
Heap:
 garbage-first heap   total 260096K, used 153578K [0x0000000703200000, 0x0000000800000000)
  region size 1024K, 127 young (130048K), 3 survivors (3072K)
 Metaspace       used 66375K, capacity 68506K, committed 68692K, reserved 1107968K
  class space    used 8865K, capacity 9737K, committed 9856K, reserved 1048576K
GC Heap History (10 events):
Event: 7.810 GC heap after
{Heap after GC invocations=3 (full 0):
 garbage-first heap   total 260096K, used 9968K [0x0000000703200000, 0x0000000800000000)
  region size 1024K, 2 young (2048K), 2 survivors (2048K)
 Metaspace       used 20649K, capacity 21216K, committed 21296K, reserved 1069056K
  class space    used 2433K, capacity 2681K, committed 2688K, reserved 1048576K
}
Event: 9.895 GC heap before
{Heap before GC invocations=4 (full 0):
 garbage-first heap   total 260096K, used 86768K [0x0000000703200000, 0x0000000800000000)
  region size 1024K, 77 young (78848K), 2 survivors (2048K)
 Metaspace       used 28743K, capacity 29698K, committed 29872K, reserved 1075200K
  class space    used 3628K, capacity 4023K, committed 4096K, reserved 1048576K
}
Event: 9.906 GC heap after
{Heap after GC invocations=5 (full 0):
 garbage-first heap   total 260096K, used 13561K [0x0000000703200000, 0x0000000800000000)
  region size 1024K, 6 young (6144K), 6 survivors (6144K)
 Metaspace       used 28743K, capacity 29698K, committed 29872K, reserved 1075200K
  class space    used 3628K, capacity 4023K, committed 4096K, reserved 1048576K
}
Event: 12.374 GC heap before
{Heap before GC invocations=5 (full 0):
 garbage-first heap   total 260096K, used 70905K [0x0000000703200000, 0x0000000800000000)
  region size 1024K, 63 young (64512K), 6 survivors (6144K)
 Metaspace       used 34597K, capacity 35781K, committed 35920K, reserved 1081344K
  class space    used 4540K, capacity 5043K, committed 5120K, reserved 1048576K
}
Event: 12.387 GC heap after
{Heap after GC invocations=6 (full 0):
 garbage-first heap   total 260096K, used 16384K [0x0000000703200000, 0x0000000800000000)
  region size 1024K, 8 young (8192K), 8 survivors (8192K)
 Metaspace       used 34597K, capacity 35781K, committed 35920K, reserved 1081344K
  class space    used 4540K, capacity 5043K, committed 5120K, reserved 1048576K
}
Event: 17.437 GC heap before
{Heap before GC invocations=7 (full 0):
 garbage-first heap   total 260096K, used 137216K [0x0000000703200000, 0x0000000800000000)
  region size 1024K, 126 young (129024K), 8 survivors (8192K)
 Metaspace       used 51513K, capacity 52951K, committed 53200K, reserved 1095680K
  class space    used 6891K, capacity 7501K, committed 7552K, reserved 1048576K
}
Event: 17.458 GC heap after
{Heap after GC invocations=8 (full 0):
 garbage-first heap   total 260096K, used 22528K [0x0000000703200000, 0x0000000800000000)
  region size 1024K, 14 young (14336K), 14 survivors (14336K)
 Metaspace       used 51513K, capacity 52951K, committed 53200K, reserved 1095680K
  class space    used 6891K, capacity 7501K, committed 7552K, reserved 1048576K
}
Event: 19.720 GC heap before
{Heap before GC invocations=8 (full 0):
 garbage-first heap   total 260096K, used 96256K [0x0000000703200000, 0x0000000800000000)
  region size 1024K, 87 young (89088K), 14 survivors (14336K)
 Metaspace       used 58409K, capacity 60234K, committed 60296K, reserved 1101824K
  class space    used 7859K, capacity 8571K, committed 8576K, reserved 1048576K
}
Event: 19.748 GC heap after
{Heap after GC invocations=9 (full 0):
 garbage-first heap   total 260096K, used 26602K [0x0000000703200000, 0x0000000800000000)
  region size 1024K, 14 young (14336K), 14 survivors (14336K)
 Metaspace       used 58409K, capacity 60234K, committed 60296K, reserved 1101824K
  class space    used 7859K, capacity 8571K, committed 8576K, reserved 1048576K
}
Event: 19656.426 GC heap before
{Heap before GC invocations=10 (full 0):
 garbage-first heap   total 260096K, used 152554K [0x0000000703200000, 0x0000000800000000)
  region size 1024K, 138 young (141312K), 14 survivors (14336K)
 Metaspace       used 66375K, capacity 68506K, committed 68692K, reserved 1107968K
  class space    used 8865K, capacity 9737K, committed 9856K, reserved 1048576K
}

